<?xml version="1.0" encoding="UTF-8"?>
<!-- Generated by org.testng.reporters.JUnitXMLReporter -->
<testsuite ignored="0" hostname="DESKTOP-UHH9F19" failures="0" tests="4" name="Default test" time="0.106" errors="0" timestamp="2021-11-05T07:56:15 IST">
  <testcase classname="com.test.demo.Demo" name="A_verifyString" time="0.015"/>
  <testcase classname="com.test.demo.Demo" name="C_verifyInteger" time="0.008"/>
  <testcase classname="com.test.demo.Demo" name="B_verifyDigit" time="0.002"/>
  <testcase classname="com.test.demo.Demo" name="B_verifyDigit" time="0.003"/>
</testsuite> <!-- Default test -->
