<?xml version="1.0" encoding="UTF-8"?>
<testng-results ignored="0" total="4" passed="4" failed="0" skipped="0">
  <reporter-output>
  </reporter-output>
  <suite started-at="2021-11-05T07:56:15 IST" name="Default suite" finished-at="2021-11-05T07:56:15 IST" duration-ms="106">
    <groups>
    </groups>
    <test started-at="2021-11-05T07:56:15 IST" name="Default test" finished-at="2021-11-05T07:56:15 IST" duration-ms="106">
      <class name="com.test.demo.Demo">
        <test-method signature="A_verifyString()[pri:0, instance:com.test.demo.Demo@a3d8174]" started-at="2021-11-05T07:56:15 IST" name="A_verifyString" finished-at="2021-11-05T07:56:15 IST" duration-ms="15" status="PASS">
          <reporter-output>
          </reporter-output>
        </test-method> <!-- A_verifyString -->
        <test-method signature="C_verifyInteger()[pri:0, instance:com.test.demo.Demo@a3d8174]" started-at="2021-11-05T07:56:15 IST" name="C_verifyInteger" finished-at="2021-11-05T07:56:15 IST" duration-ms="8" status="PASS">
          <reporter-output>
          </reporter-output>
        </test-method> <!-- C_verifyInteger -->
        <test-method signature="B_verifyDigit()[pri:1, instance:com.test.demo.Demo@a3d8174]" started-at="2021-11-05T07:56:15 IST" name="B_verifyDigit" finished-at="2021-11-05T07:56:15 IST" duration-ms="2" status="PASS">
          <reporter-output>
          </reporter-output>
        </test-method> <!-- B_verifyDigit -->
        <test-method signature="B_verifyDigit()[pri:1, instance:com.test.demo.Demo@a3d8174]" started-at="2021-11-05T07:56:15 IST" name="B_verifyDigit" finished-at="2021-11-05T07:56:15 IST" duration-ms="3" status="PASS">
          <reporter-output>
          </reporter-output>
        </test-method> <!-- B_verifyDigit -->
      </class> <!-- com.test.demo.Demo -->
    </test> <!-- Default test -->
  </suite> <!-- Default suite -->
</testng-results>
